Downloads/new/buwisbuddyph/app/build/intermediates/manifest_merge_blame_file/debug/processDebugMainManifest/manifest-merger-blame-debug-report.txt
1<?xml version="1.0" encoding="utf-8"?>
2<manifest xmlns:android="http://schemas.android.com/apk/res/android"
3    package="com.mab.buwisbuddyph"
4    android:versionCode="1"
5    android:versionName="1.0" >
6
7    <uses-sdk
8        android:minSdkVersion="23"
9        android:targetSdkVersion="34" />
10
11    <uses-permission android:name="android.permission.INTERNET" />
11-->src\main\AndroidManifest.xml:5:5-67
11-->src\main\AndroidManifest.xml:5:22-64
12    <uses-permission android:name="android.permission.READ_EXTERNAL_STORAGE" />
12-->src\main\AndroidManifest.xml:7:5-80
12-->src\main\AndroidManifest.xml:7:22-77
13    <uses-permission android:name="android.permission.ACCESS_NETWORK_STATE" />
13-->[com.google.firebase:firebase-auth:23.0.0] AndroidManifest.xml:26:5-79
13-->[com.google.firebase:firebase-auth:23.0.0] AndroidManifest.xml:26:22-76
14
15    <uses-feature
15-->[com.google.android.gms:play-services-maps:18.0.2] AndroidManifest.xml:26:5-28:35
16        android:glEsVersion="0x00020000"
16-->[com.google.android.gms:play-services-maps:18.0.2] AndroidManifest.xml:27:9-41
17        android:required="true" />
17-->[com.google.android.gms:play-services-maps:18.0.2] AndroidManifest.xml:28:9-32
18
19    <queries>
19-->[com.google.android.gms:play-services-maps:18.0.2] AndroidManifest.xml:30:5-34:15
20
21        <!-- Needs to be explicitly declared on Android R+ -->
22        <package android:name="com.google.android.apps.maps" />
22-->[com.google.android.gms:play-services-maps:18.0.2] AndroidManifest.xml:33:9-64
22-->[com.google.android.gms:play-services-maps:18.0.2] AndroidManifest.xml:33:18-61
23    </queries>
24
25    <uses-permission android:name="com.google.android.providers.gsf.permission.READ_GSERVICES" />
25-->[com.google.android.recaptcha:recaptcha:18.4.0] AndroidManifest.xml:9:5-98
25-->[com.google.android.recaptcha:recaptcha:18.4.0] AndroidManifest.xml:9:22-95
26
27    <permission
27-->[androidx.core:core:1.13.1] AndroidManifest.xml:22:5-24:47
28        android:name="com.mab.buwisbuddyph.DYNAMIC_RECEIVER_NOT_EXPORTED_PERMISSION"
28-->[androidx.core:core:1.13.1] AndroidManifest.xml:23:9-81
29        android:protectionLevel="signature" />
29-->[androidx.core:core:1.13.1] AndroidManifest.xml:24:9-44
30
31    <uses-permission android:name="com.mab.buwisbuddyph.DYNAMIC_RECEIVER_NOT_EXPORTED_PERMISSION" />
31-->[androidx.core:core:1.13.1] AndroidManifest.xml:26:5-97
31-->[androidx.core:core:1.13.1] AndroidManifest.xml:26:22-94
32
33    <application
33-->src\main\AndroidManifest.xml:9:5-90:19
34        android:allowBackup="true"
34-->src\main\AndroidManifest.xml:10:9-35
35        android:appComponentFactory="androidx.core.app.CoreComponentFactory"
35-->[androidx.core:core:1.13.1] AndroidManifest.xml:28:18-86
36        android:dataExtractionRules="@xml/data_extraction_rules"
36-->src\main\AndroidManifest.xml:11:9-65
37        android:debuggable="true"
38        android:enableOnBackInvokedCallback="true"
38-->src\main\AndroidManifest.xml:18:9-51
39        android:extractNativeLibs="false"
40        android:fullBackupContent="@xml/backup_rules"
40-->src\main\AndroidManifest.xml:12:9-54
41        android:icon="@mipmap/ic_launcher"
41-->src\main\AndroidManifest.xml:13:9-43
42        android:label="@string/app_name"
42-->src\main\AndroidManifest.xml:14:9-41
43        android:roundIcon="@mipmap/ic_launcher_round"
43-->src\main\AndroidManifest.xml:15:9-54
44        android:supportsRtl="true"
44-->src\main\AndroidManifest.xml:16:9-35
45        android:testOnly="true"
46        android:theme="@style/Theme.Design.Light.NoActionBar" >
46-->src\main\AndroidManifest.xml:17:9-62
47        <meta-data
47-->src\main\AndroidManifest.xml:21:9-23:36
48            android:name="com.google.android.gms.wallet.api.enabled"
48-->src\main\AndroidManifest.xml:22:13-69
49            android:value="true" />
49-->src\main\AndroidManifest.xml:23:13-33
50
51        <activity
51-->src\main\AndroidManifest.xml:25:9-27:40
52            android:name="com.mab.buwisbuddyph.BudgetActivity"
52-->src\main\AndroidManifest.xml:26:13-43
53            android:exported="false" />
53-->src\main\AndroidManifest.xml:27:13-37
54        <activity
54-->src\main\AndroidManifest.xml:28:9-30:40
55            android:name="com.mab.buwisbuddyph.GuideActivity"
55-->src\main\AndroidManifest.xml:29:13-42
56            android:exported="false" />
56-->src\main\AndroidManifest.xml:30:13-37
57        <activity
57-->src\main\AndroidManifest.xml:31:9-33:40
58            android:name="com.mab.buwisbuddyph.home.DocumentDetailActivity"
58-->src\main\AndroidManifest.xml:32:13-56
59            android:exported="false" />
59-->src\main\AndroidManifest.xml:33:13-37
60        <activity
60-->src\main\AndroidManifest.xml:34:9-36:40
61            android:name="com.mab.buwisbuddyph.home.DocumentListActivity"
61-->src\main\AndroidManifest.xml:35:13-54
62            android:exported="false" />
62-->src\main\AndroidManifest.xml:36:13-37
63        <activity
63-->src\main\AndroidManifest.xml:37:9-39:40
64            android:name="com.mab.buwisbuddyph.forum.SearchForumActivity"
64-->src\main\AndroidManifest.xml:38:13-54
65            android:exported="false" />
65-->src\main\AndroidManifest.xml:39:13-37
66        <activity
66-->src\main\AndroidManifest.xml:40:9-42:40
67            android:name="com.mab.buwisbuddyph.TaxCalculatorActivity"
67-->src\main\AndroidManifest.xml:41:13-50
68            android:exported="false" />
68-->src\main\AndroidManifest.xml:42:13-37
69        <activity
69-->src\main\AndroidManifest.xml:43:9-45:40
70            android:name="com.mab.buwisbuddyph.accountant.AccountantProfileActivity"
70-->src\main\AndroidManifest.xml:44:13-65
71            android:exported="false" />
71-->src\main\AndroidManifest.xml:45:13-37
72        <activity
72-->src\main\AndroidManifest.xml:46:9-48:40
73            android:name="com.mab.buwisbuddyph.accountant.AccountantHelpActivity"
73-->src\main\AndroidManifest.xml:47:13-62
74            android:exported="false" />
74-->src\main\AndroidManifest.xml:48:13-37
75        <activity
75-->src\main\AndroidManifest.xml:49:9-51:40
76            android:name="com.mab.buwisbuddyph.ForgotPasswordActivity"
76-->src\main\AndroidManifest.xml:50:13-51
77            android:exported="false" />
77-->src\main\AndroidManifest.xml:51:13-37
78        <activity
78-->src\main\AndroidManifest.xml:52:9-54:40
79            android:name="com.mab.buwisbuddyph.ProfileActivity"
79-->src\main\AndroidManifest.xml:53:13-44
80            android:exported="false" />
80-->src\main\AndroidManifest.xml:54:13-37
81        <activity
81-->src\main\AndroidManifest.xml:55:9-57:40
82            android:name="com.mab.buwisbuddyph.messages.InboxActivity"
82-->src\main\AndroidManifest.xml:56:13-51
83            android:exported="false" />
83-->src\main\AndroidManifest.xml:57:13-37
84        <activity
84-->src\main\AndroidManifest.xml:58:9-60:40
85            android:name="com.mab.buwisbuddyph.messages.ArchiveActivity"
85-->src\main\AndroidManifest.xml:59:13-53
86            android:exported="false" />
86-->src\main\AndroidManifest.xml:60:13-37
87        <activity
87-->src\main\AndroidManifest.xml:61:9-63:40
88            android:name="com.mab.buwisbuddyph.messages.TrashActivity"
88-->src\main\AndroidManifest.xml:62:13-51
89            android:exported="false" />
89-->src\main\AndroidManifest.xml:63:13-37
90        <activity
90-->src\main\AndroidManifest.xml:64:9-66:40
91            android:name="com.mab.buwisbuddyph.home.HomeActivity"
91-->src\main\AndroidManifest.xml:65:13-46
92            android:exported="false" />
92-->src\main\AndroidManifest.xml:66:13-37
93        <activity
93-->src\main\AndroidManifest.xml:67:9-69:40
94            android:name="com.mab.buwisbuddyph.forum.PostActivity"
94-->src\main\AndroidManifest.xml:68:13-47
95            android:exported="false" />
95-->src\main\AndroidManifest.xml:69:13-37
96        <activity
96-->src\main\AndroidManifest.xml:70:9-72:40
97            android:name="com.mab.buwisbuddyph.SignUpActivity"
97-->src\main\AndroidManifest.xml:71:13-43
98            android:exported="false" />
98-->src\main\AndroidManifest.xml:72:13-37
99        <activity
99-->src\main\AndroidManifest.xml:73:9-75:40
100            android:name="com.mab.buwisbuddyph.messages.ChatActivity"
100-->src\main\AndroidManifest.xml:74:13-50
101            android:exported="false" />
101-->src\main\AndroidManifest.xml:75:13-37
102        <activity
102-->src\main\AndroidManifest.xml:76:9-78:40
103            android:name="com.mab.buwisbuddyph.messages.CreateMessageActivity"
103-->src\main\AndroidManifest.xml:77:13-59
104            android:exported="false" />
104-->src\main\AndroidManifest.xml:78:13-37
105        <activity
105-->src\main\AndroidManifest.xml:79:9-89:20
106            android:name="com.mab.buwisbuddyph.SignInActivity"
106-->src\main\AndroidManifest.xml:80:13-43
107            android:exported="true"
107-->src\main\AndroidManifest.xml:81:13-36
108            android:theme="@style/Theme.Design.Light.NoActionBar"
108-->src\main\AndroidManifest.xml:82:13-66
109            android:windowSoftInputMode="adjustPan" >
109-->src\main\AndroidManifest.xml:83:13-52
110            <intent-filter>
110-->src\main\AndroidManifest.xml:84:13-88:29
111                <action android:name="android.intent.action.MAIN" />
111-->src\main\AndroidManifest.xml:85:17-69
111-->src\main\AndroidManifest.xml:85:25-66
112
113                <category android:name="android.intent.category.LAUNCHER" />
113-->src\main\AndroidManifest.xml:87:17-77
113-->src\main\AndroidManifest.xml:87:27-74
114            </intent-filter>
115        </activity>
116
117        <service
117-->[com.google.firebase:firebase-firestore-ktx:25.0.0] AndroidManifest.xml:9:9-15:19
118            android:name="com.google.firebase.components.ComponentDiscoveryService"
118-->[com.google.firebase:firebase-firestore-ktx:25.0.0] AndroidManifest.xml:10:13-84
119            android:directBootAware="true"
119-->[com.google.firebase:firebase-common:21.0.0] AndroidManifest.xml:32:13-43
120            android:exported="false" >
120-->[com.google.firebase:firebase-firestore-ktx:25.0.0] AndroidManifest.xml:11:13-37
121            <meta-data
121-->[com.google.firebase:firebase-firestore-ktx:25.0.0] AndroidManifest.xml:12:13-14:85
122                android:name="com.google.firebase.components:com.google.firebase.firestore.ktx.FirebaseFirestoreLegacyRegistrar"
122-->[com.google.firebase:firebase-firestore-ktx:25.0.0] AndroidManifest.xml:13:17-129
123                android:value="com.google.firebase.components.ComponentRegistrar" />
123-->[com.google.firebase:firebase-firestore-ktx:25.0.0] AndroidManifest.xml:14:17-82
124            <meta-data
124-->[com.google.firebase:firebase-storage-ktx:21.0.0] AndroidManifest.xml:12:13-14:85
125                android:name="com.google.firebase.components:com.google.firebase.storage.ktx.FirebaseStorageLegacyRegistrar"
125-->[com.google.firebase:firebase-storage-ktx:21.0.0] AndroidManifest.xml:13:17-125
126                android:value="com.google.firebase.components.ComponentRegistrar" />
126-->[com.google.firebase:firebase-storage-ktx:21.0.0] AndroidManifest.xml:14:17-82
127            <meta-data
127-->[com.google.firebase:firebase-database-ktx:21.0.0] AndroidManifest.xml:12:13-14:85
128                android:name="com.google.firebase.components:com.google.firebase.database.ktx.FirebaseDatabaseLegacyRegistrar"
128-->[com.google.firebase:firebase-database-ktx:21.0.0] AndroidManifest.xml:13:17-127
129                android:value="com.google.firebase.components.ComponentRegistrar" />
129-->[com.google.firebase:firebase-database-ktx:21.0.0] AndroidManifest.xml:14:17-82
130            <meta-data
130-->[com.google.firebase:firebase-auth-ktx:23.0.0] AndroidManifest.xml:11:13-13:85
131                android:name="com.google.firebase.components:com.google.firebase.auth.ktx.FirebaseAuthLegacyRegistrar"
131-->[com.google.firebase:firebase-auth-ktx:23.0.0] AndroidManifest.xml:12:17-119
132                android:value="com.google.firebase.components.ComponentRegistrar" />
132-->[com.google.firebase:firebase-auth-ktx:23.0.0] AndroidManifest.xml:13:17-82
133            <meta-data
133-->[com.google.firebase:firebase-appcheck-debug:18.0.0] AndroidManifest.xml:25:13-27:85
134                android:name="com.google.firebase.components:com.google.firebase.appcheck.debug.FirebaseAppCheckDebugRegistrar"
134-->[com.google.firebase:firebase-appcheck-debug:18.0.0] AndroidManifest.xml:26:17-128
135                android:value="com.google.firebase.components.ComponentRegistrar" />
135-->[com.google.firebase:firebase-appcheck-debug:18.0.0] AndroidManifest.xml:27:17-82
136            <meta-data
136-->[com.google.firebase:firebase-auth:23.0.0] AndroidManifest.xml:69:13-71:85
137                android:name="com.google.firebase.components:com.google.firebase.auth.FirebaseAuthRegistrar"
137-->[com.google.firebase:firebase-auth:23.0.0] AndroidManifest.xml:70:17-109
138                android:value="com.google.firebase.components.ComponentRegistrar" />
138-->[com.google.firebase:firebase-auth:23.0.0] AndroidManifest.xml:71:17-82
139            <meta-data
139-->[com.google.firebase:firebase-firestore:25.0.0] AndroidManifest.xml:17:13-19:85
140                android:name="com.google.firebase.components:com.google.firebase.firestore.FirebaseFirestoreKtxRegistrar"
140-->[com.google.firebase:firebase-firestore:25.0.0] AndroidManifest.xml:18:17-122
141                android:value="com.google.firebase.components.ComponentRegistrar" />
141-->[com.google.firebase:firebase-firestore:25.0.0] AndroidManifest.xml:19:17-82
142            <meta-data
142-->[com.google.firebase:firebase-firestore:25.0.0] AndroidManifest.xml:20:13-22:85
143                android:name="com.google.firebase.components:com.google.firebase.firestore.FirestoreRegistrar"
143-->[com.google.firebase:firebase-firestore:25.0.0] AndroidManifest.xml:21:17-111
144                android:value="com.google.firebase.components.ComponentRegistrar" />
144-->[com.google.firebase:firebase-firestore:25.0.0] AndroidManifest.xml:22:17-82
145            <meta-data
145-->[com.google.firebase:firebase-storage:21.0.0] AndroidManifest.xml:30:13-32:85
146                android:name="com.google.firebase.components:com.google.firebase.storage.FirebaseStorageKtxRegistrar"
146-->[com.google.firebase:firebase-storage:21.0.0] AndroidManifest.xml:31:17-118
147                android:value="com.google.firebase.components.ComponentRegistrar" />
147-->[com.google.firebase:firebase-storage:21.0.0] AndroidManifest.xml:32:17-82
148            <meta-data
148-->[com.google.firebase:firebase-storage:21.0.0] AndroidManifest.xml:33:13-35:85
149                android:name="com.google.firebase.components:com.google.firebase.storage.StorageRegistrar"
149-->[com.google.firebase:firebase-storage:21.0.0] AndroidManifest.xml:34:17-107
150                android:value="com.google.firebase.components.ComponentRegistrar" />
150-->[com.google.firebase:firebase-storage:21.0.0] AndroidManifest.xml:35:17-82
151            <meta-data
151-->[com.google.firebase:firebase-appcheck:18.0.0] AndroidManifest.xml:25:13-27:85
152                android:name="com.google.firebase.components:com.google.firebase.appcheck.FirebaseAppCheckKtxRegistrar"
152-->[com.google.firebase:firebase-appcheck:18.0.0] AndroidManifest.xml:26:17-120
153                android:value="com.google.firebase.components.ComponentRegistrar" />
153-->[com.google.firebase:firebase-appcheck:18.0.0] AndroidManifest.xml:27:17-82
154            <meta-data
154-->[com.google.firebase:firebase-appcheck:18.0.0] AndroidManifest.xml:28:13-30:85
155                android:name="com.google.firebase.components:com.google.firebase.appcheck.FirebaseAppCheckRegistrar"
155-->[com.google.firebase:firebase-appcheck:18.0.0] AndroidManifest.xml:29:17-117
156                android:value="com.google.firebase.components.ComponentRegistrar" />
156-->[com.google.firebase:firebase-appcheck:18.0.0] AndroidManifest.xml:30:17-82
157            <meta-data
157-->[com.google.firebase:firebase-database:21.0.0] AndroidManifest.xml:29:13-31:85
158                android:name="com.google.firebase.components:com.google.firebase.database.FirebaseDatabaseKtxRegistrar"
158-->[com.google.firebase:firebase-database:21.0.0] AndroidManifest.xml:30:17-120
159                android:value="com.google.firebase.components.ComponentRegistrar" />
159-->[com.google.firebase:firebase-database:21.0.0] AndroidManifest.xml:31:17-82
160            <meta-data
160-->[com.google.firebase:firebase-database:21.0.0] AndroidManifest.xml:32:13-34:85
161                android:name="com.google.firebase.components:com.google.firebase.database.DatabaseRegistrar"
161-->[com.google.firebase:firebase-database:21.0.0] AndroidManifest.xml:33:17-109
162                android:value="com.google.firebase.components.ComponentRegistrar" />
162-->[com.google.firebase:firebase-database:21.0.0] AndroidManifest.xml:34:17-82
163            <meta-data
163-->[com.google.firebase:firebase-common-ktx:21.0.0] AndroidManifest.xml:12:13-14:85
164                android:name="com.google.firebase.components:com.google.firebase.ktx.FirebaseCommonLegacyRegistrar"
164-->[com.google.firebase:firebase-common-ktx:21.0.0] AndroidManifest.xml:13:17-116
165                android:value="com.google.firebase.components.ComponentRegistrar" />
165-->[com.google.firebase:firebase-common-ktx:21.0.0] AndroidManifest.xml:14:17-82
166            <meta-data
166-->[com.google.firebase:firebase-common:21.0.0] AndroidManifest.xml:35:13-37:85
167                android:name="com.google.firebase.components:com.google.firebase.FirebaseCommonKtxRegistrar"
167-->[com.google.firebase:firebase-common:21.0.0] AndroidManifest.xml:36:17-109
168                android:value="com.google.firebase.components.ComponentRegistrar" />
168-->[com.google.firebase:firebase-common:21.0.0] AndroidManifest.xml:37:17-82
169        </service>
170
171        <activity
171-->[com.google.android.ads:mediation-test-suite:3.0.0] AndroidManifest.xml:10:9-15:70
172            android:name="com.google.android.ads.mediationtestsuite.activities.HomeActivity"
172-->[com.google.android.ads:mediation-test-suite:3.0.0] AndroidManifest.xml:11:13-93
173            android:exported="false"
173-->[com.google.android.ads:mediation-test-suite:3.0.0] AndroidManifest.xml:12:13-37
174            android:label="Mediation Test Suite"
174-->[com.google.android.ads:mediation-test-suite:3.0.0] AndroidManifest.xml:13:13-49
175            android:screenOrientation="portrait"
175-->[com.google.android.ads:mediation-test-suite:3.0.0] AndroidManifest.xml:14:13-49
176            android:theme="@style/gmts_TestSuiteTheme.NoActionBar" />
176-->[com.google.android.ads:mediation-test-suite:3.0.0] AndroidManifest.xml:15:13-67
177        <activity
177-->[com.google.android.ads:mediation-test-suite:3.0.0] AndroidManifest.xml:16:9-21:63
178            android:name="com.google.android.ads.mediationtestsuite.activities.NetworkDetailActivity"
178-->[com.google.android.ads:mediation-test-suite:3.0.0] AndroidManifest.xml:17:13-102
179            android:exported="false"
179-->[com.google.android.ads:mediation-test-suite:3.0.0] AndroidManifest.xml:18:13-37
180            android:screenOrientation="portrait"
180-->[com.google.android.ads:mediation-test-suite:3.0.0] AndroidManifest.xml:19:13-49
181            android:theme="@style/gmts_AppSecondaryTheme"
181-->[com.google.android.ads:mediation-test-suite:3.0.0] AndroidManifest.xml:20:13-58
182            android:windowSoftInputMode="stateAlwaysHidden" />
182-->[com.google.android.ads:mediation-test-suite:3.0.0] AndroidManifest.xml:21:13-60
183        <activity
183-->[com.google.android.ads:mediation-test-suite:3.0.0] AndroidManifest.xml:22:9-27:73
184            android:name="com.google.android.ads.mediationtestsuite.activities.ConfigurationItemDetailActivity"
184-->[com.google.android.ads:mediation-test-suite:3.0.0] AndroidManifest.xml:23:13-112
185            android:exported="false"
185-->[com.google.android.ads:mediation-test-suite:3.0.0] AndroidManifest.xml:24:13-37
186            android:label="@string/gmts_ad_unit_details_title"
186-->[com.google.android.ads:mediation-test-suite:3.0.0] AndroidManifest.xml:25:13-63
187            android:screenOrientation="portrait"
187-->[com.google.android.ads:mediation-test-suite:3.0.0] AndroidManifest.xml:26:13-49
188            android:theme="@style/gmts_AppSecondaryTheme.NoActionBar" />
188-->[com.google.android.ads:mediation-test-suite:3.0.0] AndroidManifest.xml:27:13-70
189        <activity
189-->[com.google.android.ads:mediation-test-suite:3.0.0] AndroidManifest.xml:28:9-32:73
190            android:name="com.google.android.ads.mediationtestsuite.activities.ConfigurationItemsSearchActivity"
190-->[com.google.android.ads:mediation-test-suite:3.0.0] AndroidManifest.xml:29:13-113
191            android:exported="false"
191-->[com.google.android.ads:mediation-test-suite:3.0.0] AndroidManifest.xml:30:13-37
192            android:screenOrientation="portrait"
192-->[com.google.android.ads:mediation-test-suite:3.0.0] AndroidManifest.xml:31:13-49
193            android:theme="@style/gmts_AppSecondaryTheme.NoActionBar" />
193-->[com.google.android.ads:mediation-test-suite:3.0.0] AndroidManifest.xml:32:13-70
194        <activity
194-->[com.google.firebase:firebase-auth:23.0.0] AndroidManifest.xml:29:9-46:20
195            android:name="com.google.firebase.auth.internal.GenericIdpActivity"
195-->[com.google.firebase:firebase-auth:23.0.0] AndroidManifest.xml:30:13-80
196            android:excludeFromRecents="true"
196-->[com.google.firebase:firebase-auth:23.0.0] AndroidManifest.xml:31:13-46
197            android:exported="true"
197-->[com.google.firebase:firebase-auth:23.0.0] AndroidManifest.xml:32:13-36
198            android:launchMode="singleTask"
198-->[com.google.firebase:firebase-auth:23.0.0] AndroidManifest.xml:33:13-44
199            android:theme="@android:style/Theme.Translucent.NoTitleBar" >
199-->[com.google.firebase:firebase-auth:23.0.0] AndroidManifest.xml:34:13-72
200            <intent-filter>
200-->[com.google.firebase:firebase-auth:23.0.0] AndroidManifest.xml:35:13-45:29
201                <action android:name="android.intent.action.VIEW" />
201-->[com.google.firebase:firebase-auth:23.0.0] AndroidManifest.xml:36:17-69
201-->[com.google.firebase:firebase-auth:23.0.0] AndroidManifest.xml:36:25-66
202
203                <category android:name="android.intent.category.DEFAULT" />
203-->[com.google.firebase:firebase-auth:23.0.0] AndroidManifest.xml:38:17-76
203-->[com.google.firebase:firebase-auth:23.0.0] AndroidManifest.xml:38:27-73
204                <category android:name="android.intent.category.BROWSABLE" />
204-->[com.google.firebase:firebase-auth:23.0.0] AndroidManifest.xml:39:17-78
204-->[com.google.firebase:firebase-auth:23.0.0] AndroidManifest.xml:39:27-75
205
206                <data
206-->[com.google.firebase:firebase-auth:23.0.0] AndroidManifest.xml:41:17-44:51
207                    android:host="firebase.auth"
207-->[com.google.firebase:firebase-auth:23.0.0] AndroidManifest.xml:42:21-49
208                    android:path="/"
208-->[com.google.firebase:firebase-auth:23.0.0] AndroidManifest.xml:43:21-37
209                    android:scheme="genericidp" />
209-->[com.google.firebase:firebase-auth:23.0.0] AndroidManifest.xml:44:21-48
210            </intent-filter>
211        </activity>
212        <activity
212-->[com.google.firebase:firebase-auth:23.0.0] AndroidManifest.xml:47:9-64:20
213            android:name="com.google.firebase.auth.internal.RecaptchaActivity"
213-->[com.google.firebase:firebase-auth:23.0.0] AndroidManifest.xml:48:13-79
214            android:excludeFromRecents="true"
214-->[com.google.firebase:firebase-auth:23.0.0] AndroidManifest.xml:49:13-46
215            android:exported="true"
215-->[com.google.firebase:firebase-auth:23.0.0] AndroidManifest.xml:50:13-36
216            android:launchMode="singleTask"
216-->[com.google.firebase:firebase-auth:23.0.0] AndroidManifest.xml:51:13-44
217            android:theme="@android:style/Theme.Translucent.NoTitleBar" >
217-->[com.google.firebase:firebase-auth:23.0.0] AndroidManifest.xml:52:13-72
218            <intent-filter>
218-->[com.google.firebase:firebase-auth:23.0.0] AndroidManifest.xml:53:13-63:29
219                <action android:name="android.intent.action.VIEW" />
219-->[com.google.firebase:firebase-auth:23.0.0] AndroidManifest.xml:36:17-69
219-->[com.google.firebase:firebase-auth:23.0.0] AndroidManifest.xml:36:25-66
220
221                <category android:name="android.intent.category.DEFAULT" />
221-->[com.google.firebase:firebase-auth:23.0.0] AndroidManifest.xml:38:17-76
221-->[com.google.firebase:firebase-auth:23.0.0] AndroidManifest.xml:38:27-73
222                <category android:name="android.intent.category.BROWSABLE" />
222-->[com.google.firebase:firebase-auth:23.0.0] AndroidManifest.xml:39:17-78
222-->[com.google.firebase:firebase-auth:23.0.0] AndroidManifest.xml:39:27-75
223
224                <data
224-->[com.google.firebase:firebase-auth:23.0.0] AndroidManifest.xml:41:17-44:51
225                    android:host="firebase.auth"
225-->[com.google.firebase:firebase-auth:23.0.0] AndroidManifest.xml:42:21-49
226                    android:path="/"
226-->[com.google.firebase:firebase-auth:23.0.0] AndroidManifest.xml:43:21-37
227                    android:scheme="recaptcha" />
227-->[com.google.firebase:firebase-auth:23.0.0] AndroidManifest.xml:44:21-48
228            </intent-filter>
229        </activity>
230
231        <service
231-->[androidx.credentials:credentials-play-services-auth:1.2.0-rc01] AndroidManifest.xml:24:9-32:19
232            android:name="androidx.credentials.playservices.CredentialProviderMetadataHolder"
232-->[androidx.credentials:credentials-play-services-auth:1.2.0-rc01] AndroidManifest.xml:25:13-94
233            android:enabled="true"
233-->[androidx.credentials:credentials-play-services-auth:1.2.0-rc01] AndroidManifest.xml:26:13-35
234            android:exported="false" >
234-->[androidx.credentials:credentials-play-services-auth:1.2.0-rc01] AndroidManifest.xml:27:13-37
235            <meta-data
235-->[androidx.credentials:credentials-play-services-auth:1.2.0-rc01] AndroidManifest.xml:29:13-31:104
236                android:name="androidx.credentials.CREDENTIAL_PROVIDER_KEY"
236-->[androidx.credentials:credentials-play-services-auth:1.2.0-rc01] AndroidManifest.xml:30:17-76
237                android:value="androidx.credentials.playservices.CredentialProviderPlayServicesImpl" />
237-->[androidx.credentials:credentials-play-services-auth:1.2.0-rc01] AndroidManifest.xml:31:17-101
238        </service>
239
240        <activity
240-->[androidx.credentials:credentials-play-services-auth:1.2.0-rc01] AndroidManifest.xml:34:9-41:20
241            android:name="androidx.credentials.playservices.HiddenActivity"
241-->[androidx.credentials:credentials-play-services-auth:1.2.0-rc01] AndroidManifest.xml:35:13-76
242            android:configChanges="orientation|screenSize|screenLayout|keyboardHidden"
242-->[androidx.credentials:credentials-play-services-auth:1.2.0-rc01] AndroidManifest.xml:36:13-87
243            android:enabled="true"
243-->[androidx.credentials:credentials-play-services-auth:1.2.0-rc01] AndroidManifest.xml:37:13-35
244            android:exported="false"
244-->[androidx.credentials:credentials-play-services-auth:1.2.0-rc01] AndroidManifest.xml:38:13-37
245            android:fitsSystemWindows="true"
245-->[androidx.credentials:credentials-play-services-auth:1.2.0-rc01] AndroidManifest.xml:39:13-45
246            android:theme="@style/Theme.Hidden" >
246-->[androidx.credentials:credentials-play-services-auth:1.2.0-rc01] AndroidManifest.xml:40:13-48
247        </activity>
248        <!--
249        This activity is an invisible delegate activity to start scanner activity
250        and receive result, so it's unnecessary to support screen orientation and
251        we can avoid any side effect from activity recreation in any case.
252        -->
253        <activity
253-->[com.google.android.gms:play-services-mlkit-document-scanner:16.0.0-beta1] AndroidManifest.xml:15:9-21:20
254            android:name="com.google.mlkit.vision.documentscanner.internal.GmsDocumentScanningDelegateActivity"
254-->[com.google.android.gms:play-services-mlkit-document-scanner:16.0.0-beta1] AndroidManifest.xml:16:13-112
255            android:exported="false"
255-->[com.google.android.gms:play-services-mlkit-document-scanner:16.0.0-beta1] AndroidManifest.xml:17:13-37
256            android:screenOrientation="portrait"
256-->[com.google.android.gms:play-services-mlkit-document-scanner:16.0.0-beta1] AndroidManifest.xml:18:13-49
257            android:theme="@android:style/Theme.Black.NoTitleBar.Fullscreen" >
257-->[com.google.android.gms:play-services-mlkit-document-scanner:16.0.0-beta1] AndroidManifest.xml:19:13-77
258        </activity>
259
260        <provider
260-->[com.google.mlkit:common:18.10.0] AndroidManifest.xml:9:9-13:38
261            android:name="com.google.mlkit.common.internal.MlKitInitProvider"
261-->[com.google.mlkit:common:18.10.0] AndroidManifest.xml:10:13-78
262            android:authorities="com.mab.buwisbuddyph.mlkitinitprovider"
262-->[com.google.mlkit:common:18.10.0] AndroidManifest.xml:11:13-69
263            android:exported="false"
263-->[com.google.mlkit:common:18.10.0] AndroidManifest.xml:12:13-37
264            android:initOrder="99" />
264-->[com.google.mlkit:common:18.10.0] AndroidManifest.xml:13:13-35
265
266        <service
266-->[com.google.mlkit:common:18.10.0] AndroidManifest.xml:15:9-23:19
267            android:name="com.google.mlkit.common.internal.MlKitComponentDiscoveryService"
267-->[com.google.mlkit:common:18.10.0] AndroidManifest.xml:16:13-91
268            android:directBootAware="true"